1712806851310|235|commit|connection 31|url jdbc:mysql://localhost:3306/gamesale?serverTimezone=Asia/Seoul||
1712806883098|6|statement|connection 56|url jdbc:mysql://localhost:3306/gamesale?serverTimezone=Asia/Seoul|/* <criteria> */ select g1_0.steam_appid,g1_0.detailed_description,g1_0.developers,g1_0.discount,g1_0.genres,g1_0.header_image,g1_0.min_requirements,g1_0.movies,g1_0.name,g1_0.price,g1_0.rcm_requirements,g1_0.release_date,g1_0.screenshots,g1_0.steam_rank,g1_0.supported_languages from game g1_0|/* <criteria> */ select g1_0.steam_appid,g1_0.detailed_description,g1_0.developers,g1_0.discount,g1_0.genres,g1_0.header_image,g1_0.min_requirements,g1_0.movies,g1_0.name,g1_0.price,g1_0.rcm_requirements,g1_0.release_date,g1_0.screenshots,g1_0.steam_rank,g1_0.supported_languages from game g1_0
1712806883101|1|commit|connection 56|url jdbc:mysql://localhost:3306/gamesale?serverTimezone=Asia/Seoul||
1712806883110|1|statement|connection 56|url jdbc:mysql://localhost:3306/gamesale?serverTimezone=Asia/Seoul|/* <criteria> */ select g1_0.steam_appid,g1_0.detailed_description,g1_0.developers,g1_0.discount,g1_0.genres,g1_0.header_image,g1_0.min_requirements,g1_0.movies,g1_0.name,g1_0.price,g1_0.rcm_requirements,g1_0.release_date,g1_0.screenshots,g1_0.steam_rank,g1_0.supported_languages from game g1_0|/* <criteria> */ select g1_0.steam_appid,g1_0.detailed_description,g1_0.developers,g1_0.discount,g1_0.genres,g1_0.header_image,g1_0.min_requirements,g1_0.movies,g1_0.name,g1_0.price,g1_0.rcm_requirements,g1_0.release_date,g1_0.screenshots,g1_0.steam_rank,g1_0.supported_languages from game g1_0
1712806883111|0|commit|connection 56|url jdbc:mysql://localhost:3306/gamesale?serverTimezone=Asia/Seoul||
1712806883150|2|statement|connection 57|url jdbc:mysql://localhost:3306/gamesale?serverTimezone=Asia/Seoul|/* <criteria> */ select u1_0.user_id,u1_0.password,u1_0.provider,u1_0.provider_id,u1_0.user_nickname,u1_0.user_phone,u1_0.user_role,u1_0.username from users u1_0 where u1_0.username=?|/* <criteria> */ select u1_0.user_id,u1_0.password,u1_0.provider,u1_0.provider_id,u1_0.user_nickname,u1_0.user_phone,u1_0.user_role,u1_0.username from users u1_0 where u1_0.username='admin'
1712806883479|1|statement|connection 58|url jdbc:mysql://localhost:3306/gamesale?serverTimezone=Asia/Seoul|/* insert for kr.game.sale.entity.user.Users */insert into users (password,provider,provider_id,user_nickname,user_phone,user_role,username) values (?,?,?,?,?,?,?)|/* insert for kr.game.sale.entity.user.Users */insert into users (password,provider,provider_id,user_nickname,user_phone,user_role,username) values ('$2a$10$dxVlR/drESsESXoQcQcXlOHxEl7vMYuhQjQCrdOD130rCuF001GcS',NULL,NULL,'관리자','010-1234-1234','ROLE_ADMIN','admin')
1712806883487|7|commit|connection 58|url jdbc:mysql://localhost:3306/gamesale?serverTimezone=Asia/Seoul||
1712806883494|2|statement|connection 59|url jdbc:mysql://localhost:3306/gamesale?serverTimezone=Asia/Seoul|/* insert for kr.game.sale.entity.user.Users */insert into users (password,provider,provider_id,user_nickname,user_phone,user_role,username) values (?,?,?,?,?,?,?)|/* insert for kr.game.sale.entity.user.Users */insert into users (password,provider,provider_id,user_nickname,user_phone,user_role,username) values ('$2a$10$oNwnC2jiu4hmbd1W277nWuq/A4DiQTwC/4gR5eWonQ70oq.U.VAVy',NULL,NULL,'매니저','010-1234-1234','ROLE_MANAGER','manager')
1712806883502|6|commit|connection 59|url jdbc:mysql://localhost:3306/gamesale?serverTimezone=Asia/Seoul||
1712806883631|0|statement|connection 60|url jdbc:mysql://localhost:3306/gamesale?serverTimezone=Asia/Seoul|/* insert for kr.game.sale.entity.user.Users */insert into users (password,provider,provider_id,user_nickname,user_phone,user_role,username) values (?,?,?,?,?,?,?)|/* insert for kr.game.sale.entity.user.Users */insert into users (password,provider,provider_id,user_nickname,user_phone,user_role,username) values ('$2a$10$fgWD9XAzAbnX95BGmiF6EesDpHTzoLlmlTtgFtD/qMLOYebuyi7Me',NULL,NULL,'테스트1','010-1234-1234','ROLE_USER','test1')
1712806883638|5|commit|connection 60|url jdbc:mysql://localhost:3306/gamesale?serverTimezone=Asia/Seoul||
1712806883746|0|statement|connection 61|url jdbc:mysql://localhost:3306/gamesale?serverTimezone=Asia/Seoul|/* insert for kr.game.sale.entity.user.Users */insert into users (password,provider,provider_id,user_nickname,user_phone,user_role,username) values (?,?,?,?,?,?,?)|/* insert for kr.game.sale.entity.user.Users */insert into users (password,provider,provider_id,user_nickname,user_phone,user_role,username) values ('$2a$10$bb8hVaTSlBOQcVALH6HWO.cmsc9HMu3H.3bhwa7OEGFnvEXOcwhpS',NULL,NULL,'테스트2','010-1234-1234','ROLE_USER','test2')
1712806883752|5|commit|connection 61|url jdbc:mysql://localhost:3306/gamesale?serverTimezone=Asia/Seoul||
1712806883854|0|statement|connection 62|url jdbc:mysql://localhost:3306/gamesale?serverTimezone=Asia/Seoul|/* insert for kr.game.sale.entity.user.Users */insert into users (password,provider,provider_id,user_nickname,user_phone,user_role,username) values (?,?,?,?,?,?,?)|/* insert for kr.game.sale.entity.user.Users */insert into users (password,provider,provider_id,user_nickname,user_phone,user_role,username) values ('$2a$10$oJV8k1wkRYRZ0wU61FzW8uFC9uT46qnBOrFXXJUKftfaE4HYLWbF6',NULL,NULL,'테스트3','010-1234-1234','ROLE_USER','test3')
1712806883858|3|commit|connection 62|url jdbc:mysql://localhost:3306/gamesale?serverTimezone=Asia/Seoul||
1712806883954|0|statement|connection 63|url jdbc:mysql://localhost:3306/gamesale?serverTimezone=Asia/Seoul|/* insert for kr.game.sale.entity.user.Users */insert into users (password,provider,provider_id,user_nickname,user_phone,user_role,username) values (?,?,?,?,?,?,?)|/* insert for kr.game.sale.entity.user.Users */insert into users (password,provider,provider_id,user_nickname,user_phone,user_role,username) values ('$2a$10$upeNe1Rk5lBpkfgtNpHmceS6GKJ4N2vo07THpdOSYERLIItFxlqfa',NULL,NULL,'테스트4','010-1234-1234','ROLE_USER','test4')
1712806883960|6|commit|connection 63|url jdbc:mysql://localhost:3306/gamesale?serverTimezone=Asia/Seoul||
1712806884065|0|statement|connection 64|url jdbc:mysql://localhost:3306/gamesale?serverTimezone=Asia/Seoul|/* insert for kr.game.sale.entity.user.Users */insert into users (password,provider,provider_id,user_nickname,user_phone,user_role,username) values (?,?,?,?,?,?,?)|/* insert for kr.game.sale.entity.user.Users */insert into users (password,provider,provider_id,user_nickname,user_phone,user_role,username) values ('$2a$10$kW.Up3.GoD9Mt1T6A/dXduDu/IkqOv4CcLsz.EHiMPxdd2i7/.nOi',NULL,NULL,'테스트5','010-1234-1234','ROLE_USER','test5')
1712806884073|6|commit|connection 64|url jdbc:mysql://localhost:3306/gamesale?serverTimezone=Asia/Seoul||
1712806884172|0|statement|connection 65|url jdbc:mysql://localhost:3306/gamesale?serverTimezone=Asia/Seoul|/* insert for kr.game.sale.entity.user.Users */insert into users (password,provider,provider_id,user_nickname,user_phone,user_role,username) values (?,?,?,?,?,?,?)|/* insert for kr.game.sale.entity.user.Users */insert into users (password,provider,provider_id,user_nickname,user_phone,user_role,username) values ('$2a$10$reu6v//S8ijXmmeEwgmJieM4TYPn31xqzoH4Nm41R5m8.fQf2v5Kq',NULL,NULL,'테스트6','010-1234-1234','ROLE_USER','test6')
1712806884176|3|commit|connection 65|url jdbc:mysql://localhost:3306/gamesale?serverTimezone=Asia/Seoul||
1712806884279|0|statement|connection 66|url jdbc:mysql://localhost:3306/gamesale?serverTimezone=Asia/Seoul|/* insert for kr.game.sale.entity.user.Users */insert into users (password,provider,provider_id,user_nickname,user_phone,user_role,username) values (?,?,?,?,?,?,?)|/* insert for kr.game.sale.entity.user.Users */insert into users (password,provider,provider_id,user_nickname,user_phone,user_role,username) values ('$2a$10$DhzGe71oUdKvFEIV9QkAluOaHKxDQ9dobtikTM0wMgFhriBifz1dm',NULL,NULL,'테스트7','010-1234-1234','ROLE_USER','test7')
1712806884286|6|commit|connection 66|url jdbc:mysql://localhost:3306/gamesale?serverTimezone=Asia/Seoul||
1712806884384|1|statement|connection 67|url jdbc:mysql://localhost:3306/gamesale?serverTimezone=Asia/Seoul|/* insert for kr.game.sale.entity.user.Users */insert into users (password,provider,provider_id,user_nickname,user_phone,user_role,username) values (?,?,?,?,?,?,?)|/* insert for kr.game.sale.entity.user.Users */insert into users (password,provider,provider_id,user_nickname,user_phone,user_role,username) values ('$2a$10$PUId.dn7E5mbMO7dpMI58u8GtRrE1sz633vD2Gvg0zosstWvGZVHS',NULL,NULL,'테스트8','010-1234-1234','ROLE_USER','test8')
1712806884389|3|commit|connection 67|url jdbc:mysql://localhost:3306/gamesale?serverTimezone=Asia/Seoul||
1712806884492|0|statement|connection 68|url jdbc:mysql://localhost:3306/gamesale?serverTimezone=Asia/Seoul|/* insert for kr.game.sale.entity.user.Users */insert into users (password,provider,provider_id,user_nickname,user_phone,user_role,username) values (?,?,?,?,?,?,?)|/* insert for kr.game.sale.entity.user.Users */insert into users (password,provider,provider_id,user_nickname,user_phone,user_role,username) values ('$2a$10$t1rWOIVc954tck1fZPH/EeSQ5MyO.TnCBQz8jlRE5Bw/kJgXeJZem',NULL,NULL,'테스트9','010-1234-1234','ROLE_USER','test9')
1712806884498|6|commit|connection 68|url jdbc:mysql://localhost:3306/gamesale?serverTimezone=Asia/Seoul||
1712806884598|0|statement|connection 69|url jdbc:mysql://localhost:3306/gamesale?serverTimezone=Asia/Seoul|/* insert for kr.game.sale.entity.user.Users */insert into users (password,provider,provider_id,user_nickname,user_phone,user_role,username) values (?,?,?,?,?,?,?)|/* insert for kr.game.sale.entity.user.Users */insert into users (password,provider,provider_id,user_nickname,user_phone,user_role,username) values ('$2a$10$tn9Wt21wv0UtSJQ/T5lJiOqpdEwYlc5PthFD/pRUmdbCSarkh62Sm',NULL,NULL,'테스트10','010-1234-1234','ROLE_USER','test10')
1712806884606|6|commit|connection 69|url jdbc:mysql://localhost:3306/gamesale?serverTimezone=Asia/Seoul||
1712806889689|1|statement|connection 70|url jdbc:mysql://localhost:3306/gamesale?serverTimezone=Asia/Seoul|/* <criteria> */ select g1_0.steam_appid,g1_0.detailed_description,g1_0.developers,g1_0.discount,g1_0.genres,g1_0.header_image,g1_0.min_requirements,g1_0.movies,g1_0.name,g1_0.price,g1_0.rcm_requirements,g1_0.release_date,g1_0.screenshots,g1_0.steam_rank,g1_0.supported_languages from game g1_0|/* <criteria> */ select g1_0.steam_appid,g1_0.detailed_description,g1_0.developers,g1_0.discount,g1_0.genres,g1_0.header_image,g1_0.min_requirements,g1_0.movies,g1_0.name,g1_0.price,g1_0.rcm_requirements,g1_0.release_date,g1_0.screenshots,g1_0.steam_rank,g1_0.supported_languages from game g1_0
1712806889690|0|commit|connection 70|url jdbc:mysql://localhost:3306/gamesale?serverTimezone=Asia/Seoul||
1712806889693|0|statement|connection 70|url jdbc:mysql://localhost:3306/gamesale?serverTimezone=Asia/Seoul|/* <criteria> */ select g1_0.steam_appid,g1_0.detailed_description,g1_0.developers,g1_0.discount,g1_0.genres,g1_0.header_image,g1_0.min_requirements,g1_0.movies,g1_0.name,g1_0.price,g1_0.rcm_requirements,g1_0.release_date,g1_0.screenshots,g1_0.steam_rank,g1_0.supported_languages from game g1_0|/* <criteria> */ select g1_0.steam_appid,g1_0.detailed_description,g1_0.developers,g1_0.discount,g1_0.genres,g1_0.header_image,g1_0.min_requirements,g1_0.movies,g1_0.name,g1_0.price,g1_0.rcm_requirements,g1_0.release_date,g1_0.screenshots,g1_0.steam_rank,g1_0.supported_languages from game g1_0
1712806889694|0|commit|connection 70|url jdbc:mysql://localhost:3306/gamesale?serverTimezone=Asia/Seoul||
1712806908348|1|statement|connection 71|url jdbc:mysql://localhost:3306/gamesale?serverTimezone=Asia/Seoul|/* <criteria> */ select g1_0.steam_appid,g1_0.detailed_description,g1_0.developers,g1_0.discount,g1_0.genres,g1_0.header_image,g1_0.min_requirements,g1_0.movies,g1_0.name,g1_0.price,g1_0.rcm_requirements,g1_0.release_date,g1_0.screenshots,g1_0.steam_rank,g1_0.supported_languages from game g1_0|/* <criteria> */ select g1_0.steam_appid,g1_0.detailed_description,g1_0.developers,g1_0.discount,g1_0.genres,g1_0.header_image,g1_0.min_requirements,g1_0.movies,g1_0.name,g1_0.price,g1_0.rcm_requirements,g1_0.release_date,g1_0.screenshots,g1_0.steam_rank,g1_0.supported_languages from game g1_0
1712806908349|0|commit|connection 71|url jdbc:mysql://localhost:3306/gamesale?serverTimezone=Asia/Seoul||
1712806908355|0|statement|connection 71|url jdbc:mysql://localhost:3306/gamesale?serverTimezone=Asia/Seoul|/* <criteria> */ select g1_0.steam_appid,g1_0.detailed_description,g1_0.developers,g1_0.discount,g1_0.genres,g1_0.header_image,g1_0.min_requirements,g1_0.movies,g1_0.name,g1_0.price,g1_0.rcm_requirements,g1_0.release_date,g1_0.screenshots,g1_0.steam_rank,g1_0.supported_languages from game g1_0|/* <criteria> */ select g1_0.steam_appid,g1_0.detailed_description,g1_0.developers,g1_0.discount,g1_0.genres,g1_0.header_image,g1_0.min_requirements,g1_0.movies,g1_0.name,g1_0.price,g1_0.rcm_requirements,g1_0.release_date,g1_0.screenshots,g1_0.steam_rank,g1_0.supported_languages from game g1_0
1712806908355|0|commit|connection 71|url jdbc:mysql://localhost:3306/gamesale?serverTimezone=Asia/Seoul||
1712826873583|3|statement|connection 154|url jdbc:mysql://localhost:3306/gamesale?serverTimezone=Asia/Seoul|/* <criteria> */ select u1_0.user_id,u1_0.password,u1_0.provider,u1_0.provider_id,u1_0.user_nickname,u1_0.user_phone,u1_0.user_role,u1_0.username from users u1_0 where u1_0.username=?|/* <criteria> */ select u1_0.user_id,u1_0.password,u1_0.provider,u1_0.provider_id,u1_0.user_nickname,u1_0.user_phone,u1_0.user_role,u1_0.username from users u1_0 where u1_0.username='admin'
1712826873586|7|statement|connection 153|url jdbc:mysql://localhost:3306/gamesale?serverTimezone=Asia/Seoul|/* <criteria> */ select u1_0.user_id,u1_0.password,u1_0.provider,u1_0.provider_id,u1_0.user_nickname,u1_0.user_phone,u1_0.user_role,u1_0.username from users u1_0 where u1_0.username=?|/* <criteria> */ select u1_0.user_id,u1_0.password,u1_0.provider,u1_0.provider_id,u1_0.user_nickname,u1_0.user_phone,u1_0.user_role,u1_0.username from users u1_0 where u1_0.username='anonymousUser'
1712826873602|3|statement|connection 153|url jdbc:mysql://localhost:3306/gamesale?serverTimezone=Asia/Seoul|/* <criteria> */ select c1_0.cart_id,c1_0.steam_appid,c1_0.user_id from cart c1_0 where c1_0.user_id is null|/* <criteria> */ select c1_0.cart_id,c1_0.steam_appid,c1_0.user_id from cart c1_0 where c1_0.user_id is null
1712826873604|0|commit|connection 153|url jdbc:mysql://localhost:3306/gamesale?serverTimezone=Asia/Seoul||
1712826874033|1|statement|connection 155|url jdbc:mysql://localhost:3306/gamesale?serverTimezone=Asia/Seoul|/* insert for kr.game.sale.entity.user.Users */insert into users (password,provider,provider_id,user_nickname,user_phone,user_role,username) values (?,?,?,?,?,?,?)|/* insert for kr.game.sale.entity.user.Users */insert into users (password,provider,provider_id,user_nickname,user_phone,user_role,username) values ('$2a$10$MbNi2PhsOL4AvZ6mDezJW.rI22XZCSyu.4P/KroSS0ZCMpNpPeV3q',NULL,NULL,'관리자','010-1234-1234','ROLE_ADMIN','admin')
1712826874043|7|commit|connection 155|url jdbc:mysql://localhost:3306/gamesale?serverTimezone=Asia/Seoul||
1712826874050|2|statement|connection 156|url jdbc:mysql://localhost:3306/gamesale?serverTimezone=Asia/Seoul|/* insert for kr.game.sale.entity.user.Users */insert into users (password,provider,provider_id,user_nickname,user_phone,user_role,username) values (?,?,?,?,?,?,?)|/* insert for kr.game.sale.entity.user.Users */insert into users (password,provider,provider_id,user_nickname,user_phone,user_role,username) values ('$2a$10$TVPtcFklPVA1gANAkICYBu4OVOrJZBsG9DeUloaagg4jOvZcVDKHi',NULL,NULL,'매니저','010-1234-1234','ROLE_MANAGER','manager')
1712826874057|6|commit|connection 156|url jdbc:mysql://localhost:3306/gamesale?serverTimezone=Asia/Seoul||
1712826874199|0|statement|connection 157|url jdbc:mysql://localhost:3306/gamesale?serverTimezone=Asia/Seoul|/* insert for kr.game.sale.entity.user.Users */insert into users (password,provider,provider_id,user_nickname,user_phone,user_role,username) values (?,?,?,?,?,?,?)|/* insert for kr.game.sale.entity.user.Users */insert into users (password,provider,provider_id,user_nickname,user_phone,user_role,username) values ('$2a$10$cYJIVPB/y1t68NwhkNT4YufMkuS9VyXgqtd1bLiNsqWlBi4NUtN.6',NULL,NULL,'테스트1','010-1234-1234','ROLE_USER','test1')
1712826874205|5|commit|connection 157|url jdbc:mysql://localhost:3306/gamesale?serverTimezone=Asia/Seoul||
1712826874213|2|statement|connection 158|url jdbc:mysql://localhost:3306/gamesale?serverTimezone=Asia/Seoul|/* insert for kr.game.sale.entity.user.Cart */insert into cart (steam_appid,user_id) values (?,?)|/* insert for kr.game.sale.entity.user.Cart */insert into cart (steam_appid,user_id) values (NULL,3)
1712826874219|5|commit|connection 158|url jdbc:mysql://localhost:3306/gamesale?serverTimezone=Asia/Seoul||
1712826874223|1|statement|connection 159|url jdbc:mysql://localhost:3306/gamesale?serverTimezone=Asia/Seoul|/* insert for kr.game.sale.entity.user.Cart */insert into cart (steam_appid,user_id) values (?,?)|/* insert for kr.game.sale.entity.user.Cart */insert into cart (steam_appid,user_id) values (NULL,3)
1712826874233|6|commit|connection 159|url jdbc:mysql://localhost:3306/gamesale?serverTimezone=Asia/Seoul||
1712826874343|1|statement|connection 160|url jdbc:mysql://localhost:3306/gamesale?serverTimezone=Asia/Seoul|/* insert for kr.game.sale.entity.user.Users */insert into users (password,provider,provider_id,user_nickname,user_phone,user_role,username) values (?,?,?,?,?,?,?)|/* insert for kr.game.sale.entity.user.Users */insert into users (password,provider,provider_id,user_nickname,user_phone,user_role,username) values ('$2a$10$P929UntkDwqdueSDWlQTZ.79hHTHrSfSVw0KjhZaGiFV9G5nMkMSW',NULL,NULL,'테스트2','010-1234-1234','ROLE_USER','test2')
1712826874350|5|commit|connection 160|url jdbc:mysql://localhost:3306/gamesale?serverTimezone=Asia/Seoul||
1712826874352|0|statement|connection 161|url jdbc:mysql://localhost:3306/gamesale?serverTimezone=Asia/Seoul|/* insert for kr.game.sale.entity.user.Cart */insert into cart (steam_appid,user_id) values (?,?)|/* insert for kr.game.sale.entity.user.Cart */insert into cart (steam_appid,user_id) values (NULL,4)
1712826874361|8|commit|connection 161|url jdbc:mysql://localhost:3306/gamesale?serverTimezone=Asia/Seoul||
1712826874362|0|statement|connection 162|url jdbc:mysql://localhost:3306/gamesale?serverTimezone=Asia/Seoul|/* insert for kr.game.sale.entity.user.Cart */insert into cart (steam_appid,user_id) values (?,?)|/* insert for kr.game.sale.entity.user.Cart */insert into cart (steam_appid,user_id) values (NULL,4)
1712826874368|5|commit|connection 162|url jdbc:mysql://localhost:3306/gamesale?serverTimezone=Asia/Seoul||
1712826874469|0|statement|connection 163|url jdbc:mysql://localhost:3306/gamesale?serverTimezone=Asia/Seoul|/* insert for kr.game.sale.entity.user.Users */insert into users (password,provider,provider_id,user_nickname,user_phone,user_role,username) values (?,?,?,?,?,?,?)|/* insert for kr.game.sale.entity.user.Users */insert into users (password,provider,provider_id,user_nickname,user_phone,user_role,username) values ('$2a$10$YAsGEZ3duCSeaTZ5IuadcOEUd1DLn122dGPIfnGHMWVNiVeGR4PIa',NULL,NULL,'테스트3','010-1234-1234','ROLE_USER','test3')
1712826874476|6|commit|connection 163|url jdbc:mysql://localhost:3306/gamesale?serverTimezone=Asia/Seoul||
1712826874478|0|statement|connection 164|url jdbc:mysql://localhost:3306/gamesale?serverTimezone=Asia/Seoul|/* insert for kr.game.sale.entity.user.Cart */insert into cart (steam_appid,user_id) values (?,?)|/* insert for kr.game.sale.entity.user.Cart */insert into cart (steam_appid,user_id) values (NULL,5)
1712826874485|6|commit|connection 164|url jdbc:mysql://localhost:3306/gamesale?serverTimezone=Asia/Seoul||
1712826874487|0|statement|connection 165|url jdbc:mysql://localhost:3306/gamesale?serverTimezone=Asia/Seoul|/* insert for kr.game.sale.entity.user.Cart */insert into cart (steam_appid,user_id) values (?,?)|/* insert for kr.game.sale.entity.user.Cart */insert into cart (steam_appid,user_id) values (NULL,5)
1712826874494|5|commit|connection 165|url jdbc:mysql://localhost:3306/gamesale?serverTimezone=Asia/Seoul||
1712826874598|0|statement|connection 166|url jdbc:mysql://localhost:3306/gamesale?serverTimezone=Asia/Seoul|/* insert for kr.game.sale.entity.user.Users */insert into users (password,provider,provider_id,user_nickname,user_phone,user_role,username) values (?,?,?,?,?,?,?)|/* insert for kr.game.sale.entity.user.Users */insert into users (password,provider,provider_id,user_nickname,user_phone,user_role,username) values ('$2a$10$jvzGLFJ.5atKT.cMIw/J9O8IF/NrHqWyJhMqptgIOxoyhHUopLcT.',NULL,NULL,'테스트4','010-1234-1234','ROLE_USER','test4')
1712826874606|6|commit|connection 166|url jdbc:mysql://localhost:3306/gamesale?serverTimezone=Asia/Seoul||
1712826874608|0|statement|connection 167|url jdbc:mysql://localhost:3306/gamesale?serverTimezone=Asia/Seoul|/* insert for kr.game.sale.entity.user.Cart */insert into cart (steam_appid,user_id) values (?,?)|/* insert for kr.game.sale.entity.user.Cart */insert into cart (steam_appid,user_id) values (NULL,6)
1712826874615|6|commit|connection 167|url jdbc:mysql://localhost:3306/gamesale?serverTimezone=Asia/Seoul||
1712826874617|0|statement|connection 168|url jdbc:mysql://localhost:3306/gamesale?serverTimezone=Asia/Seoul|/* insert for kr.game.sale.entity.user.Cart */insert into cart (steam_appid,user_id) values (?,?)|/* insert for kr.game.sale.entity.user.Cart */insert into cart (steam_appid,user_id) values (NULL,6)
1712826874622|5|commit|connection 168|url jdbc:mysql://localhost:3306/gamesale?serverTimezone=Asia/Seoul||
1712826874724|0|statement|connection 169|url jdbc:mysql://localhost:3306/gamesale?serverTimezone=Asia/Seoul|/* insert for kr.game.sale.entity.user.Users */insert into users (password,provider,provider_id,user_nickname,user_phone,user_role,username) values (?,?,?,?,?,?,?)|/* insert for kr.game.sale.entity.user.Users */insert into users (password,provider,provider_id,user_nickname,user_phone,user_role,username) values ('$2a$10$kS21LpkSPPe5wd3R2DSJROlWHcrCwmG4uLedieSyO7NkGsaRZr51S',NULL,NULL,'테스트5','010-1234-1234','ROLE_USER','test5')
1712826874731|5|commit|connection 169|url jdbc:mysql://localhost:3306/gamesale?serverTimezone=Asia/Seoul||
1712826874734|0|statement|connection 170|url jdbc:mysql://localhost:3306/gamesale?serverTimezone=Asia/Seoul|/* insert for kr.game.sale.entity.user.Cart */insert into cart (steam_appid,user_id) values (?,?)|/* insert for kr.game.sale.entity.user.Cart */insert into cart (steam_appid,user_id) values (NULL,7)
1712826874740|5|commit|connection 170|url jdbc:mysql://localhost:3306/gamesale?serverTimezone=Asia/Seoul||
1712826874742|0|statement|connection 171|url jdbc:mysql://localhost:3306/gamesale?serverTimezone=Asia/Seoul|/* insert for kr.game.sale.entity.user.Cart */insert into cart (steam_appid,user_id) values (?,?)|/* insert for kr.game.sale.entity.user.Cart */insert into cart (steam_appid,user_id) values (NULL,7)
1712826874748|5|commit|connection 171|url jdbc:mysql://localhost:3306/gamesale?serverTimezone=Asia/Seoul||
1712826874852|1|statement|connection 172|url jdbc:mysql://localhost:3306/gamesale?serverTimezone=Asia/Seoul|/* insert for kr.game.sale.entity.user.Users */insert into users (password,provider,provider_id,user_nickname,user_phone,user_role,username) values (?,?,?,?,?,?,?)|/* insert for kr.game.sale.entity.user.Users */insert into users (password,provider,provider_id,user_nickname,user_phone,user_role,username) values ('$2a$10$JsE/c/tApzhK/VFCp3o.BuRmPS0URU112dYjHksuur3XKKpS0gfta',NULL,NULL,'테스트6','010-1234-1234','ROLE_USER','test6')
1712826874859|6|commit|connection 172|url jdbc:mysql://localhost:3306/gamesale?serverTimezone=Asia/Seoul||
1712826874861|0|statement|connection 173|url jdbc:mysql://localhost:3306/gamesale?serverTimezone=Asia/Seoul|/* insert for kr.game.sale.entity.user.Cart */insert into cart (steam_appid,user_id) values (?,?)|/* insert for kr.game.sale.entity.user.Cart */insert into cart (steam_appid,user_id) values (NULL,8)
1712826874868|6|commit|connection 173|url jdbc:mysql://localhost:3306/gamesale?serverTimezone=Asia/Seoul||
1712826874870|0|statement|connection 174|url jdbc:mysql://localhost:3306/gamesale?serverTimezone=Asia/Seoul|/* insert for kr.game.sale.entity.user.Cart */insert into cart (steam_appid,user_id) values (?,?)|/* insert for kr.game.sale.entity.user.Cart */insert into cart (steam_appid,user_id) values (NULL,8)
1712826874876|6|commit|connection 174|url jdbc:mysql://localhost:3306/gamesale?serverTimezone=Asia/Seoul||
1712826874977|1|statement|connection 175|url jdbc:mysql://localhost:3306/gamesale?serverTimezone=Asia/Seoul|/* insert for kr.game.sale.entity.user.Users */insert into users (password,provider,provider_id,user_nickname,user_phone,user_role,username) values (?,?,?,?,?,?,?)|/* insert for kr.game.sale.entity.user.Users */insert into users (password,provider,provider_id,user_nickname,user_phone,user_role,username) values ('$2a$10$8O1UYPBgCbICEolnKoi75eJamiPbQpKJLvw0hnXGsJlsdbzX24Ro.',NULL,NULL,'테스트7','010-1234-1234','ROLE_USER','test7')
1712826874984|6|commit|connection 175|url jdbc:mysql://localhost:3306/gamesale?serverTimezone=Asia/Seoul||
1712826874986|1|statement|connection 176|url jdbc:mysql://localhost:3306/gamesale?serverTimezone=Asia/Seoul|/* insert for kr.game.sale.entity.user.Cart */insert into cart (steam_appid,user_id) values (?,?)|/* insert for kr.game.sale.entity.user.Cart */insert into cart (steam_appid,user_id) values (NULL,9)
1712826874994|7|commit|connection 176|url jdbc:mysql://localhost:3306/gamesale?serverTimezone=Asia/Seoul||
1712826874996|0|statement|connection 177|url jdbc:mysql://localhost:3306/gamesale?serverTimezone=Asia/Seoul|/* insert for kr.game.sale.entity.user.Cart */insert into cart (steam_appid,user_id) values (?,?)|/* insert for kr.game.sale.entity.user.Cart */insert into cart (steam_appid,user_id) values (NULL,9)
1712826875002|5|commit|connection 177|url jdbc:mysql://localhost:3306/gamesale?serverTimezone=Asia/Seoul||
1712826875106|0|statement|connection 178|url jdbc:mysql://localhost:3306/gamesale?serverTimezone=Asia/Seoul|/* insert for kr.game.sale.entity.user.Users */insert into users (password,provider,provider_id,user_nickname,user_phone,user_role,username) values (?,?,?,?,?,?,?)|/* insert for kr.game.sale.entity.user.Users */insert into users (password,provider,provider_id,user_nickname,user_phone,user_role,username) values ('$2a$10$quwTCuDNo6lCPEWY4srun.T8s4p3fhV1gspSUrWUb1Mngcn1Ao8TC',NULL,NULL,'테스트8','010-1234-1234','ROLE_USER','test8')
1712826875113|6|commit|connection 178|url jdbc:mysql://localhost:3306/gamesale?serverTimezone=Asia/Seoul||
1712826875115|0|statement|connection 179|url jdbc:mysql://localhost:3306/gamesale?serverTimezone=Asia/Seoul|/* insert for kr.game.sale.entity.user.Cart */insert into cart (steam_appid,user_id) values (?,?)|/* insert for kr.game.sale.entity.user.Cart */insert into cart (steam_appid,user_id) values (NULL,10)
1712826875121|6|commit|connection 179|url jdbc:mysql://localhost:3306/gamesale?serverTimezone=Asia/Seoul||
1712826875126|3|statement|connection 180|url jdbc:mysql://localhost:3306/gamesale?serverTimezone=Asia/Seoul|/* insert for kr.game.sale.entity.user.Cart */insert into cart (steam_appid,user_id) values (?,?)|/* insert for kr.game.sale.entity.user.Cart */insert into cart (steam_appid,user_id) values (NULL,10)
1712826875133|6|commit|connection 180|url jdbc:mysql://localhost:3306/gamesale?serverTimezone=Asia/Seoul||
1712826875232|0|statement|connection 181|url jdbc:mysql://localhost:3306/gamesale?serverTimezone=Asia/Seoul|/* insert for kr.game.sale.entity.user.Users */insert into users (password,provider,provider_id,user_nickname,user_phone,user_role,username) values (?,?,?,?,?,?,?)|/* insert for kr.game.sale.entity.user.Users */insert into users (password,provider,provider_id,user_nickname,user_phone,user_role,username) values ('$2a$10$OSNmZkB0yGakQNTWJlj9zenz/IPpWeGJoO2oyMnUzSxG9FC4XuUNS',NULL,NULL,'테스트9','010-1234-1234','ROLE_USER','test9')
1712826875240|6|commit|connection 181|url jdbc:mysql://localhost:3306/gamesale?serverTimezone=Asia/Seoul||
1712826875242|0|statement|connection 182|url jdbc:mysql://localhost:3306/gamesale?serverTimezone=Asia/Seoul|/* insert for kr.game.sale.entity.user.Cart */insert into cart (steam_appid,user_id) values (?,?)|/* insert for kr.game.sale.entity.user.Cart */insert into cart (steam_appid,user_id) values (NULL,11)
1712826875249|6|commit|connection 182|url jdbc:mysql://localhost:3306/gamesale?serverTimezone=Asia/Seoul||
1712826875252|0|statement|connection 183|url jdbc:mysql://localhost:3306/gamesale?serverTimezone=Asia/Seoul|/* insert for kr.game.sale.entity.user.Cart */insert into cart (steam_appid,user_id) values (?,?)|/* insert for kr.game.sale.entity.user.Cart */insert into cart (steam_appid,user_id) values (NULL,11)
1712826875258|5|commit|connection 183|url jdbc:mysql://localhost:3306/gamesale?serverTimezone=Asia/Seoul||
1712826875358|0|statement|connection 184|url jdbc:mysql://localhost:3306/gamesale?serverTimezone=Asia/Seoul|/* insert for kr.game.sale.entity.user.Users */insert into users (password,provider,provider_id,user_nickname,user_phone,user_role,username) values (?,?,?,?,?,?,?)|/* insert for kr.game.sale.entity.user.Users */insert into users (password,provider,provider_id,user_nickname,user_phone,user_role,username) values ('$2a$10$m3ah/aSa3/9renVdwBY4r.agcm2KxAt5lcPo.YdGqiPv.WeZRIJQm',NULL,NULL,'테스트10','010-1234-1234','ROLE_USER','test10')
1712826875364|6|commit|connection 184|url jdbc:mysql://localhost:3306/gamesale?serverTimezone=Asia/Seoul||
1712826875368|2|statement|connection 185|url jdbc:mysql://localhost:3306/gamesale?serverTimezone=Asia/Seoul|/* insert for kr.game.sale.entity.user.Cart */insert into cart (steam_appid,user_id) values (?,?)|/* insert for kr.game.sale.entity.user.Cart */insert into cart (steam_appid,user_id) values (NULL,12)
1712826875375|6|commit|connection 185|url jdbc:mysql://localhost:3306/gamesale?serverTimezone=Asia/Seoul||
1712826875377|0|statement|connection 186|url jdbc:mysql://localhost:3306/gamesale?serverTimezone=Asia/Seoul|/* insert for kr.game.sale.entity.user.Cart */insert into cart (steam_appid,user_id) values (?,?)|/* insert for kr.game.sale.entity.user.Cart */insert into cart (steam_appid,user_id) values (NULL,12)
1712826875384|6|commit|connection 186|url jdbc:mysql://localhost:3306/gamesale?serverTimezone=Asia/Seoul||
1712826973191|4|statement|connection 193|url jdbc:mysql://localhost:3306/gamesale?serverTimezone=Asia/Seoul|/* <criteria> */ select g1_0.steam_appid,g1_0.detailed_description,g1_0.developers,g1_0.discount,g1_0.genres,g1_0.header_image,g1_0.min_requirements,g1_0.movies,g1_0.name,g1_0.price,g1_0.rcm_requirements,g1_0.release_date,g1_0.screenshots,g1_0.steam_rank,g1_0.supported_languages from game g1_0|/* <criteria> */ select g1_0.steam_appid,g1_0.detailed_description,g1_0.developers,g1_0.discount,g1_0.genres,g1_0.header_image,g1_0.min_requirements,g1_0.movies,g1_0.name,g1_0.price,g1_0.rcm_requirements,g1_0.release_date,g1_0.screenshots,g1_0.steam_rank,g1_0.supported_languages from game g1_0
1712826973192|0|commit|connection 193|url jdbc:mysql://localhost:3306/gamesale?serverTimezone=Asia/Seoul||
1712826973196|0|statement|connection 193|url jdbc:mysql://localhost:3306/gamesale?serverTimezone=Asia/Seoul|/* <criteria> */ select g1_0.steam_appid,g1_0.detailed_description,g1_0.developers,g1_0.discount,g1_0.genres,g1_0.header_image,g1_0.min_requirements,g1_0.movies,g1_0.name,g1_0.price,g1_0.rcm_requirements,g1_0.release_date,g1_0.screenshots,g1_0.steam_rank,g1_0.supported_languages from game g1_0|/* <criteria> */ select g1_0.steam_appid,g1_0.detailed_description,g1_0.developers,g1_0.discount,g1_0.genres,g1_0.header_image,g1_0.min_requirements,g1_0.movies,g1_0.name,g1_0.price,g1_0.rcm_requirements,g1_0.release_date,g1_0.screenshots,g1_0.steam_rank,g1_0.supported_languages from game g1_0
1712826973196|0|commit|connection 193|url jdbc:mysql://localhost:3306/gamesale?serverTimezone=Asia/Seoul||
1712826973225|2|statement|connection 194|url jdbc:mysql://localhost:3306/gamesale?serverTimezone=Asia/Seoul|/* <criteria> */ select u1_0.user_id,u1_0.password,u1_0.provider,u1_0.provider_id,u1_0.user_nickname,u1_0.user_phone,u1_0.user_role,u1_0.username from users u1_0 where u1_0.username=?|/* <criteria> */ select u1_0.user_id,u1_0.password,u1_0.provider,u1_0.provider_id,u1_0.user_nickname,u1_0.user_phone,u1_0.user_role,u1_0.username from users u1_0 where u1_0.username='admin'
1712826973418|1|statement|connection 195|url jdbc:mysql://localhost:3306/gamesale?serverTimezone=Asia/Seoul|/* insert for kr.game.sale.entity.user.Users */insert into users (password,provider,provider_id,user_nickname,user_phone,user_role,username) values (?,?,?,?,?,?,?)|/* insert for kr.game.sale.entity.user.Users */insert into users (password,provider,provider_id,user_nickname,user_phone,user_role,username) values ('$2a$10$sSYj1lCj9BIJl/jOt5SHAeQ2s/9vy8LVJl98sZAeEcmMUnLfr1iPi',NULL,NULL,'관리자','010-1234-1234','ROLE_ADMIN','admin')
1712826973424|5|commit|connection 195|url jdbc:mysql://localhost:3306/gamesale?serverTimezone=Asia/Seoul||
1712826973426|0|statement|connection 196|url jdbc:mysql://localhost:3306/gamesale?serverTimezone=Asia/Seoul|/* insert for kr.game.sale.entity.user.Users */insert into users (password,provider,provider_id,user_nickname,user_phone,user_role,username) values (?,?,?,?,?,?,?)|/* insert for kr.game.sale.entity.user.Users */insert into users (password,provider,provider_id,user_nickname,user_phone,user_role,username) values ('$2a$10$42NDjB64vLxF6vHLJy3z.ORc7aCFqCBeAaryqvExteoz2Lg251fA6',NULL,NULL,'매니저','010-1234-1234','ROLE_MANAGER','manager')
1712826973433|5|commit|connection 196|url jdbc:mysql://localhost:3306/gamesale?serverTimezone=Asia/Seoul||
1712826973539|1|statement|connection 197|url jdbc:mysql://localhost:3306/gamesale?serverTimezone=Asia/Seoul|/* insert for kr.game.sale.entity.user.Users */insert into users (password,provider,provider_id,user_nickname,user_phone,user_role,username) values (?,?,?,?,?,?,?)|/* insert for kr.game.sale.entity.user.Users */insert into users (password,provider,provider_id,user_nickname,user_phone,user_role,username) values ('$2a$10$u6loDYpJGv8UjRNw.X2IY.jczdg10/9J7PcPaYsdnC4Y6ML9OAYfi',NULL,NULL,'테스트1','010-1234-1234','ROLE_USER','test1')
1712826973545|5|commit|connection 197|url jdbc:mysql://localhost:3306/gamesale?serverTimezone=Asia/Seoul||
1712826973550|2|statement|connection 198|url jdbc:mysql://localhost:3306/gamesale?serverTimezone=Asia/Seoul|/* insert for kr.game.sale.entity.user.Cart */insert into cart (steam_appid,user_id) values (?,?)|/* insert for kr.game.sale.entity.user.Cart */insert into cart (steam_appid,user_id) values (NULL,3)
1712826973557|6|commit|connection 198|url jdbc:mysql://localhost:3306/gamesale?serverTimezone=Asia/Seoul||
1712826973560|1|statement|connection 199|url jdbc:mysql://localhost:3306/gamesale?serverTimezone=Asia/Seoul|/* insert for kr.game.sale.entity.user.Cart */insert into cart (steam_appid,user_id) values (?,?)|/* insert for kr.game.sale.entity.user.Cart */insert into cart (steam_appid,user_id) values (NULL,3)
1712826973569|7|commit|connection 199|url jdbc:mysql://localhost:3306/gamesale?serverTimezone=Asia/Seoul||
1712826973666|0|statement|connection 200|url jdbc:mysql://localhost:3306/gamesale?serverTimezone=Asia/Seoul|/* insert for kr.game.sale.entity.user.Users */insert into users (password,provider,provider_id,user_nickname,user_phone,user_role,username) values (?,?,?,?,?,?,?)|/* insert for kr.game.sale.entity.user.Users */insert into users (password,provider,provider_id,user_nickname,user_phone,user_role,username) values ('$2a$10$KxUImcz/HXWu3QTsbRPSIeDNkL1g6NoD7MF5tsEKwRImRNBmKBK3y',NULL,NULL,'테스트2','010-1234-1234','ROLE_USER','test2')
1712826973672|5|commit|connection 200|url jdbc:mysql://localhost:3306/gamesale?serverTimezone=Asia/Seoul||
1712826973675|0|statement|connection 201|url jdbc:mysql://localhost:3306/gamesale?serverTimezone=Asia/Seoul|/* insert for kr.game.sale.entity.user.Cart */insert into cart (steam_appid,user_id) values (?,?)|/* insert for kr.game.sale.entity.user.Cart */insert into cart (steam_appid,user_id) values (NULL,4)
1712826973682|5|commit|connection 201|url jdbc:mysql://localhost:3306/gamesale?serverTimezone=Asia/Seoul||
1712826973684|0|statement|connection 202|url jdbc:mysql://localhost:3306/gamesale?serverTimezone=Asia/Seoul|/* insert for kr.game.sale.entity.user.Cart */insert into cart (steam_appid,user_id) values (?,?)|/* insert for kr.game.sale.entity.user.Cart */insert into cart (steam_appid,user_id) values (NULL,4)
1712826973691|6|commit|connection 202|url jdbc:mysql://localhost:3306/gamesale?serverTimezone=Asia/Seoul||
1712826973792|0|statement|connection 203|url jdbc:mysql://localhost:3306/gamesale?serverTimezone=Asia/Seoul|/* insert for kr.game.sale.entity.user.Users */insert into users (password,provider,provider_id,user_nickname,user_phone,user_role,username) values (?,?,?,?,?,?,?)|/* insert for kr.game.sale.entity.user.Users */insert into users (password,provider,provider_id,user_nickname,user_phone,user_role,username) values ('$2a$10$YAAQF6lJdYlY5rBnl5DOM.kFKPUYOPQGlvvbHfsvWhO2vo7iKKHBm',NULL,NULL,'테스트3','010-1234-1234','ROLE_USER','test3')
1712826973798|5|commit|connection 203|url jdbc:mysql://localhost:3306/gamesale?serverTimezone=Asia/Seoul||
1712826973800|0|statement|connection 204|url jdbc:mysql://localhost:3306/gamesale?serverTimezone=Asia/Seoul|/* insert for kr.game.sale.entity.user.Cart */insert into cart (steam_appid,user_id) values (?,?)|/* insert for kr.game.sale.entity.user.Cart */insert into cart (steam_appid,user_id) values (NULL,5)
1712826973807|5|commit|connection 204|url jdbc:mysql://localhost:3306/gamesale?serverTimezone=Asia/Seoul||
1712826973809|0|statement|connection 205|url jdbc:mysql://localhost:3306/gamesale?serverTimezone=Asia/Seoul|/* insert for kr.game.sale.entity.user.Cart */insert into cart (steam_appid,user_id) values (?,?)|/* insert for kr.game.sale.entity.user.Cart */insert into cart (steam_appid,user_id) values (NULL,5)
1712826973815|5|commit|connection 205|url jdbc:mysql://localhost:3306/gamesale?serverTimezone=Asia/Seoul||
1712826973915|3|statement|connection 206|url jdbc:mysql://localhost:3306/gamesale?serverTimezone=Asia/Seoul|/* insert for kr.game.sale.entity.user.Users */insert into users (password,provider,provider_id,user_nickname,user_phone,user_role,username) values (?,?,?,?,?,?,?)|/* insert for kr.game.sale.entity.user.Users */insert into users (password,provider,provider_id,user_nickname,user_phone,user_role,username) values ('$2a$10$V.YAEWKR00LjSNMq9zEncOTv2PSct3OgvSTJzGhXfVQDvPtfq0Ini',NULL,NULL,'테스트4','010-1234-1234','ROLE_USER','test4')
1712826973921|5|commit|connection 206|url jdbc:mysql://localhost:3306/gamesale?serverTimezone=Asia/Seoul||
1712826973923|0|statement|connection 207|url jdbc:mysql://localhost:3306/gamesale?serverTimezone=Asia/Seoul|/* insert for kr.game.sale.entity.user.Cart */insert into cart (steam_appid,user_id) values (?,?)|/* insert for kr.game.sale.entity.user.Cart */insert into cart (steam_appid,user_id) values (NULL,6)
1712826973929|6|commit|connection 207|url jdbc:mysql://localhost:3306/gamesale?serverTimezone=Asia/Seoul||
1712826973932|0|statement|connection 208|url jdbc:mysql://localhost:3306/gamesale?serverTimezone=Asia/Seoul|/* insert for kr.game.sale.entity.user.Cart */insert into cart (steam_appid,user_id) values (?,?)|/* insert for kr.game.sale.entity.user.Cart */insert into cart (steam_appid,user_id) values (NULL,6)
1712826973939|5|commit|connection 208|url jdbc:mysql://localhost:3306/gamesale?serverTimezone=Asia/Seoul||
1712826974036|0|statement|connection 209|url jdbc:mysql://localhost:3306/gamesale?serverTimezone=Asia/Seoul|/* insert for kr.game.sale.entity.user.Users */insert into users (password,provider,provider_id,user_nickname,user_phone,user_role,username) values (?,?,?,?,?,?,?)|/* insert for kr.game.sale.entity.user.Users */insert into users (password,provider,provider_id,user_nickname,user_phone,user_role,username) values ('$2a$10$lgKmmd6TooCYdqQZmuLRUemNdNS5aPARSL5oxyephvNpG1ipHvmoG',NULL,NULL,'테스트5','010-1234-1234','ROLE_USER','test5')
1712826974043|5|commit|connection 209|url jdbc:mysql://localhost:3306/gamesale?serverTimezone=Asia/Seoul||
1712826974045|0|statement|connection 210|url jdbc:mysql://localhost:3306/gamesale?serverTimezone=Asia/Seoul|/* insert for kr.game.sale.entity.user.Cart */insert into cart (steam_appid,user_id) values (?,?)|/* insert for kr.game.sale.entity.user.Cart */insert into cart (steam_appid,user_id) values (NULL,7)
1712826974051|5|commit|connection 210|url jdbc:mysql://localhost:3306/gamesale?serverTimezone=Asia/Seoul||
1712826974054|0|statement|connection 211|url jdbc:mysql://localhost:3306/gamesale?serverTimezone=Asia/Seoul|/* insert for kr.game.sale.entity.user.Cart */insert into cart (steam_appid,user_id) values (?,?)|/* insert for kr.game.sale.entity.user.Cart */insert into cart (steam_appid,user_id) values (NULL,7)
1712826974060|5|commit|connection 211|url jdbc:mysql://localhost:3306/gamesale?serverTimezone=Asia/Seoul||
1712826974158|0|statement|connection 212|url jdbc:mysql://localhost:3306/gamesale?serverTimezone=Asia/Seoul|/* insert for kr.game.sale.entity.user.Users */insert into users (password,provider,provider_id,user_nickname,user_phone,user_role,username) values (?,?,?,?,?,?,?)|/* insert for kr.game.sale.entity.user.Users */insert into users (password,provider,provider_id,user_nickname,user_phone,user_role,username) values ('$2a$10$qje8g8u1Fo1q9ZCqWtQGuuutELNf/HdU6.AW4Lh8FQ49nyh9xeL9S',NULL,NULL,'테스트6','010-1234-1234','ROLE_USER','test6')
1712826974164|5|commit|connection 212|url jdbc:mysql://localhost:3306/gamesale?serverTimezone=Asia/Seoul||
1712826974166|0|statement|connection 213|url jdbc:mysql://localhost:3306/gamesale?serverTimezone=Asia/Seoul|/* insert for kr.game.sale.entity.user.Cart */insert into cart (steam_appid,user_id) values (?,?)|/* insert for kr.game.sale.entity.user.Cart */insert into cart (steam_appid,user_id) values (NULL,8)
1712826974173|5|commit|connection 213|url jdbc:mysql://localhost:3306/gamesale?serverTimezone=Asia/Seoul||
1712826974175|0|statement|connection 214|url jdbc:mysql://localhost:3306/gamesale?serverTimezone=Asia/Seoul|/* insert for kr.game.sale.entity.user.Cart */insert into cart (steam_appid,user_id) values (?,?)|/* insert for kr.game.sale.entity.user.Cart */insert into cart (steam_appid,user_id) values (NULL,8)
1712826974181|5|commit|connection 214|url jdbc:mysql://localhost:3306/gamesale?serverTimezone=Asia/Seoul||
1712826974281|0|statement|connection 215|url jdbc:mysql://localhost:3306/gamesale?serverTimezone=Asia/Seoul|/* insert for kr.game.sale.entity.user.Users */insert into users (password,provider,provider_id,user_nickname,user_phone,user_role,username) values (?,?,?,?,?,?,?)|/* insert for kr.game.sale.entity.user.Users */insert into users (password,provider,provider_id,user_nickname,user_phone,user_role,username) values ('$2a$10$59xvKjO3lA.QQtIYHuecTOaOrCT0VcgwQoMQL.WHzYxL.xjLUD2rS',NULL,NULL,'테스트7','010-1234-1234','ROLE_USER','test7')
1712826974287|5|commit|connection 215|url jdbc:mysql://localhost:3306/gamesale?serverTimezone=Asia/Seoul||
1712826974289|0|statement|connection 216|url jdbc:mysql://localhost:3306/gamesale?serverTimezone=Asia/Seoul|/* insert for kr.game.sale.entity.user.Cart */insert into cart (steam_appid,user_id) values (?,?)|/* insert for kr.game.sale.entity.user.Cart */insert into cart (steam_appid,user_id) values (NULL,9)
1712826974295|5|commit|connection 216|url jdbc:mysql://localhost:3306/gamesale?serverTimezone=Asia/Seoul||
1712826974297|0|statement|connection 217|url jdbc:mysql://localhost:3306/gamesale?serverTimezone=Asia/Seoul|/* insert for kr.game.sale.entity.user.Cart */insert into cart (steam_appid,user_id) values (?,?)|/* insert for kr.game.sale.entity.user.Cart */insert into cart (steam_appid,user_id) values (NULL,9)
1712826974303|5|commit|connection 217|url jdbc:mysql://localhost:3306/gamesale?serverTimezone=Asia/Seoul||
1712826974402|0|statement|connection 218|url jdbc:mysql://localhost:3306/gamesale?serverTimezone=Asia/Seoul|/* insert for kr.game.sale.entity.user.Users */insert into users (password,provider,provider_id,user_nickname,user_phone,user_role,username) values (?,?,?,?,?,?,?)|/* insert for kr.game.sale.entity.user.Users */insert into users (password,provider,provider_id,user_nickname,user_phone,user_role,username) values ('$2a$10$I.4SpKWmvtC36s/ZK7YYrulPeMpBZRGKO4jcq7rfbZCuXvRk.w7lO',NULL,NULL,'테스트8','010-1234-1234','ROLE_USER','test8')
1712826974408|5|commit|connection 218|url jdbc:mysql://localhost:3306/gamesale?serverTimezone=Asia/Seoul||
1712826974410|0|statement|connection 219|url jdbc:mysql://localhost:3306/gamesale?serverTimezone=Asia/Seoul|/* insert for kr.game.sale.entity.user.Cart */insert into cart (steam_appid,user_id) values (?,?)|/* insert for kr.game.sale.entity.user.Cart */insert into cart (steam_appid,user_id) values (NULL,10)
1712826974416|5|commit|connection 219|url jdbc:mysql://localhost:3306/gamesale?serverTimezone=Asia/Seoul||
1712826974418|0|statement|connection 220|url jdbc:mysql://localhost:3306/gamesale?serverTimezone=Asia/Seoul|/* insert for kr.game.sale.entity.user.Cart */insert into cart (steam_appid,user_id) values (?,?)|/* insert for kr.game.sale.entity.user.Cart */insert into cart (steam_appid,user_id) values (NULL,10)
1712826974425|5|commit|connection 220|url jdbc:mysql://localhost:3306/gamesale?serverTimezone=Asia/Seoul||
1712826974527|0|statement|connection 221|url jdbc:mysql://localhost:3306/gamesale?serverTimezone=Asia/Seoul|/* insert for kr.game.sale.entity.user.Users */insert into users (password,provider,provider_id,user_nickname,user_phone,user_role,username) values (?,?,?,?,?,?,?)|/* insert for kr.game.sale.entity.user.Users */insert into users (password,provider,provider_id,user_nickname,user_phone,user_role,username) values ('$2a$10$JSQpq4a/LDO9Bw6HoKeK0u3zw2HUCCL2orj53RK4rNV43V4anLHtC',NULL,NULL,'테스트9','010-1234-1234','ROLE_USER','test9')
1712826974533|6|commit|connection 221|url jdbc:mysql://localhost:3306/gamesale?serverTimezone=Asia/Seoul||
1712826974537|1|statement|connection 222|url jdbc:mysql://localhost:3306/gamesale?serverTimezone=Asia/Seoul|/* insert for kr.game.sale.entity.user.Cart */insert into cart (steam_appid,user_id) values (?,?)|/* insert for kr.game.sale.entity.user.Cart */insert into cart (steam_appid,user_id) values (NULL,11)
1712826974544|6|commit|connection 222|url jdbc:mysql://localhost:3306/gamesale?serverTimezone=Asia/Seoul||
1712826974546|0|statement|connection 223|url jdbc:mysql://localhost:3306/gamesale?serverTimezone=Asia/Seoul|/* insert for kr.game.sale.entity.user.Cart */insert into cart (steam_appid,user_id) values (?,?)|/* insert for kr.game.sale.entity.user.Cart */insert into cart (steam_appid,user_id) values (NULL,11)
1712826974553|5|commit|connection 223|url jdbc:mysql://localhost:3306/gamesale?serverTimezone=Asia/Seoul||
1712826974650|0|statement|connection 224|url jdbc:mysql://localhost:3306/gamesale?serverTimezone=Asia/Seoul|/* insert for kr.game.sale.entity.user.Users */insert into users (password,provider,provider_id,user_nickname,user_phone,user_role,username) values (?,?,?,?,?,?,?)|/* insert for kr.game.sale.entity.user.Users */insert into users (password,provider,provider_id,user_nickname,user_phone,user_role,username) values ('$2a$10$poUvuRs1WvRi0IbmadDcn.TMuUaB2O5oorG2tv7FkqZfrnWSeZ8Ua',NULL,NULL,'테스트10','010-1234-1234','ROLE_USER','test10')
1712826974657|6|commit|connection 224|url jdbc:mysql://localhost:3306/gamesale?serverTimezone=Asia/Seoul||
1712826974659|0|statement|connection 225|url jdbc:mysql://localhost:3306/gamesale?serverTimezone=Asia/Seoul|/* insert for kr.game.sale.entity.user.Cart */insert into cart (steam_appid,user_id) values (?,?)|/* insert for kr.game.sale.entity.user.Cart */insert into cart (steam_appid,user_id) values (NULL,12)
1712826974665|5|commit|connection 225|url jdbc:mysql://localhost:3306/gamesale?serverTimezone=Asia/Seoul||
1712826974668|0|statement|connection 226|url jdbc:mysql://localhost:3306/gamesale?serverTimezone=Asia/Seoul|/* insert for kr.game.sale.entity.user.Cart */insert into cart (steam_appid,user_id) values (?,?)|/* insert for kr.game.sale.entity.user.Cart */insert into cart (steam_appid,user_id) values (NULL,12)
1712826974674|5|commit|connection 226|url jdbc:mysql://localhost:3306/gamesale?serverTimezone=Asia/Seoul||
1712826975451|0|statement|connection 227|url jdbc:mysql://localhost:3306/gamesale?serverTimezone=Asia/Seoul|/* <criteria> */ select g1_0.steam_appid,g1_0.detailed_description,g1_0.developers,g1_0.discount,g1_0.genres,g1_0.header_image,g1_0.min_requirements,g1_0.movies,g1_0.name,g1_0.price,g1_0.rcm_requirements,g1_0.release_date,g1_0.screenshots,g1_0.steam_rank,g1_0.supported_languages from game g1_0|/* <criteria> */ select g1_0.steam_appid,g1_0.detailed_description,g1_0.developers,g1_0.discount,g1_0.genres,g1_0.header_image,g1_0.min_requirements,g1_0.movies,g1_0.name,g1_0.price,g1_0.rcm_requirements,g1_0.release_date,g1_0.screenshots,g1_0.steam_rank,g1_0.supported_languages from game g1_0
1712826975452|0|commit|connection 227|url jdbc:mysql://localhost:3306/gamesale?serverTimezone=Asia/Seoul||
1712826975456|0|statement|connection 227|url jdbc:mysql://localhost:3306/gamesale?serverTimezone=Asia/Seoul|/* <criteria> */ select g1_0.steam_appid,g1_0.detailed_description,g1_0.developers,g1_0.discount,g1_0.genres,g1_0.header_image,g1_0.min_requirements,g1_0.movies,g1_0.name,g1_0.price,g1_0.rcm_requirements,g1_0.release_date,g1_0.screenshots,g1_0.steam_rank,g1_0.supported_languages from game g1_0|/* <criteria> */ select g1_0.steam_appid,g1_0.detailed_description,g1_0.developers,g1_0.discount,g1_0.genres,g1_0.header_image,g1_0.min_requirements,g1_0.movies,g1_0.name,g1_0.price,g1_0.rcm_requirements,g1_0.release_date,g1_0.screenshots,g1_0.steam_rank,g1_0.supported_languages from game g1_0
1712826975456|0|commit|connection 227|url jdbc:mysql://localhost:3306/gamesale?serverTimezone=Asia/Seoul||
1712826979176|0|statement|connection 228|url jdbc:mysql://localhost:3306/gamesale?serverTimezone=Asia/Seoul|/* <criteria> */ select g1_0.steam_appid,g1_0.detailed_description,g1_0.developers,g1_0.discount,g1_0.genres,g1_0.header_image,g1_0.min_requirements,g1_0.movies,g1_0.name,g1_0.price,g1_0.rcm_requirements,g1_0.release_date,g1_0.screenshots,g1_0.steam_rank,g1_0.supported_languages from game g1_0|/* <criteria> */ select g1_0.steam_appid,g1_0.detailed_description,g1_0.developers,g1_0.discount,g1_0.genres,g1_0.header_image,g1_0.min_requirements,g1_0.movies,g1_0.name,g1_0.price,g1_0.rcm_requirements,g1_0.release_date,g1_0.screenshots,g1_0.steam_rank,g1_0.supported_languages from game g1_0
1712826979176|0|commit|connection 228|url jdbc:mysql://localhost:3306/gamesale?serverTimezone=Asia/Seoul||
1712826979180|1|statement|connection 228|url jdbc:mysql://localhost:3306/gamesale?serverTimezone=Asia/Seoul|/* <criteria> */ select g1_0.steam_appid,g1_0.detailed_description,g1_0.developers,g1_0.discount,g1_0.genres,g1_0.header_image,g1_0.min_requirements,g1_0.movies,g1_0.name,g1_0.price,g1_0.rcm_requirements,g1_0.release_date,g1_0.screenshots,g1_0.steam_rank,g1_0.supported_languages from game g1_0|/* <criteria> */ select g1_0.steam_appid,g1_0.detailed_description,g1_0.developers,g1_0.discount,g1_0.genres,g1_0.header_image,g1_0.min_requirements,g1_0.movies,g1_0.name,g1_0.price,g1_0.rcm_requirements,g1_0.release_date,g1_0.screenshots,g1_0.steam_rank,g1_0.supported_languages from game g1_0
1712826979181|0|commit|connection 228|url jdbc:mysql://localhost:3306/gamesale?serverTimezone=Asia/Seoul||
